#
# There is insufficient memory for the Java Runtime Environment to continue.
# Native memory allocation (malloc) failed to allocate 65552 bytes for Chunk::new
# Possible reasons:
#   The system is out of physical RAM or swap space
#   In 32 bit mode, the process size limit was hit
# Possible solutions:
#   Reduce memory load on the system
#   Increase physical memory or swap space
#   Check if swap backing store is full
#   Use 64 bit Java on a 64 bit OS
#   Decrease Java heap size (-Xmx/-Xms)
#   Decrease number of Java threads
#   Decrease Java thread stack sizes (-Xss)
#   Set larger code cache with -XX:ReservedCodeCacheSize=
# This output file may be truncated or incomplete.
#
#  Out of Memory Error (allocation.cpp:390), pid=49604, tid=41304
#
# JRE version: Java(TM) SE Runtime Environment (8.0_20-b26) (build 1.8.0_20-b26)
# Java VM: Java HotSpot(TM) 64-Bit Server VM (25.20-b23 mixed mode windows-amd64 compressed oops)
# Failed to write core dump. Minidumps are not enabled by default on client versions of Windows
#

---------------  T H R E A D  ---------------

Current thread (0x000000001de41000):  JavaThread "C2 CompilerThread0" daemon [_thread_in_native, id=41304, stack(0x000000001f410000,0x000000001f510000)]

Stack: [0x000000001f410000,0x000000001f510000]
Native frames: (J=compiled Java code, j=interpreted, Vv=VM code, C=native code)
V  [jvm.dll+0x3152fa]


Current CompileTask:
C2:   7901 4105   !   4       org.apache.catalina.startup.ContextConfig::checkHandlesTypes (453 bytes)


---------------  P R O C E S S  ---------------

Java Threads: ( => current thread )
  0x00000000222c3000 JavaThread "http-bio-80-exec-10" daemon [_thread_in_native, id=49376, stack(0x000000002b9e0000,0x000000002bae0000)]
  0x00000000222c9000 JavaThread "http-bio-80-exec-9" daemon [_thread_in_native, id=50064, stack(0x000000002b8e0000,0x000000002b9e0000)]
  0x00000000222c7000 JavaThread "Abandoned connection cleanup thread" daemon [_thread_blocked, id=50068, stack(0x000000002b5e0000,0x000000002b6e0000)]
  0x00000000222c7800 JavaThread "http-bio-80-exec-8" daemon [_thread_in_native, id=49996, stack(0x000000002b2e0000,0x000000002b3e0000)]
  0x00000000222c4800 JavaThread "http-bio-80-exec-7" daemon [_thread_in_native, id=50048, stack(0x000000002b1e0000,0x000000002b2e0000)]
  0x00000000222c4000 JavaThread "http-bio-80-exec-6" daemon [_thread_in_native, id=50056, stack(0x0000000029f10000,0x000000002a010000)]
  0x00000000222c6000 JavaThread "http-bio-80-exec-5" daemon [_thread_blocked, id=50040, stack(0x0000000029e10000,0x0000000029f10000)]
  0x00000000222c8800 JavaThread "http-bio-80-exec-4" daemon [_thread_in_native, id=50044, stack(0x0000000029d10000,0x0000000029e10000)]
  0x00000000222c5800 JavaThread "http-bio-80-exec-3" daemon [_thread_blocked, id=50084, stack(0x0000000029c10000,0x0000000029d10000)]
  0x000000001fa78000 JavaThread "http-bio-80-exec-2" daemon [_thread_in_native, id=50072, stack(0x0000000029b10000,0x0000000029c10000)]
  0x0000000025cd3000 JavaThread "http-bio-80-exec-1" daemon [_thread_in_native, id=46692, stack(0x0000000029a10000,0x0000000029b10000)]
  0x0000000028aea000 JavaThread "http-bio-80-AsyncTimeout" daemon [_thread_blocked, id=50036, stack(0x00000000264f0000,0x00000000265f0000)]
  0x0000000021ea4800 JavaThread "http-bio-80-Acceptor-0" daemon [_thread_in_native, id=50088, stack(0x0000000024320000,0x0000000024420000)]
  0x0000000029459000 JavaThread "ContainerBackgroundProcessor[StandardEngine[Tomcat]]" daemon [_thread_blocked, id=43092, stack(0x0000000024220000,0x0000000024320000)]
  0x0000000022444800 JavaThread "Thread-3" daemon [_thread_in_native, id=39108, stack(0x0000000022860000,0x0000000022960000)]
  0x0000000022ed4800 JavaThread "localhost-startStop-1" daemon [_thread_blocked, id=49544, stack(0x00000000267a0000,0x00000000268a0000)]
  0x0000000021b28000 JavaThread "Tomcat-startStop-1" daemon [_thread_blocked, id=49324, stack(0x00000000266a0000,0x00000000267a0000)]
  0x000000001ded6800 JavaThread "Service Thread" daemon [_thread_blocked, id=42540, stack(0x000000001f810000,0x000000001f910000)]
  0x000000001de52000 JavaThread "C1 CompilerThread3" daemon [_thread_blocked, id=42060, stack(0x000000001f710000,0x000000001f810000)]
  0x000000001de49800 JavaThread "C2 CompilerThread2" daemon [_thread_blocked, id=36484, stack(0x000000001f610000,0x000000001f710000)]
  0x000000001de45800 JavaThread "C2 CompilerThread1" daemon [_thread_in_native, id=42908, stack(0x000000001f510000,0x000000001f610000)]
=>0x000000001de41000 JavaThread "C2 CompilerThread0" daemon [_thread_in_native, id=41304, stack(0x000000001f410000,0x000000001f510000)]
  0x000000001de33800 JavaThread "Monitor Ctrl-Break" daemon [_thread_in_native, id=42264, stack(0x000000001f310000,0x000000001f410000)]
  0x000000001de0e000 JavaThread "Attach Listener" daemon [_thread_blocked, id=46952, stack(0x000000001f210000,0x000000001f310000)]
  0x000000001de0d800 JavaThread "Signal Dispatcher" daemon [_thread_blocked, id=32532, stack(0x000000001f110000,0x000000001f210000)]
  0x000000001c6cc800 JavaThread "Finalizer" daemon [_thread_blocked, id=1900, stack(0x000000001f010000,0x000000001f110000)]
  0x0000000002ad6800 JavaThread "Reference Handler" daemon [_thread_blocked, id=48752, stack(0x000000001ef10000,0x000000001f010000)]
  0x00000000029e3800 JavaThread "main" [_thread_blocked, id=50028, stack(0x0000000002640000,0x0000000002740000)]

Other Threads:
  0x000000001dd82800 VMThread [stack: 0x000000001ee10000,0x000000001ef10000] [id=41372]
  0x000000001dedd000 WatcherThread [stack: 0x000000001f910000,0x000000001fa10000] [id=26044]

VM state:not at safepoint (normal execution)

VM Mutex/Monitor currently owned by a thread: None

Heap:
 PSYoungGen      total 185856K, used 10404K [0x000000076b580000, 0x0000000778900000, 0x00000007c0000000)
  eden space 162304K, 6% used [0x000000076b580000,0x000000076bfa90c8,0x0000000775400000)
  from space 23552K, 0% used [0x0000000775400000,0x0000000775400000,0x0000000776b00000)
  to   space 19968K, 0% used [0x0000000776b00000,0x0000000776b00000,0x0000000777e80000)
 ParOldGen       total 115200K, used 30586K [0x00000006c2000000, 0x00000006c9080000, 0x000000076b580000)
  object space 115200K, 26% used [0x00000006c2000000,0x00000006c3dde8f0,0x00000006c9080000)
 Metaspace       used 34891K, capacity 35836K, committed 36136K, reserved 1081344K
  class space    used 4065K, capacity 4317K, committed 4400K, reserved 1048576K

Card table byte_map: [0x0000000011ea0000,0x00000000126a0000] byte_map_base: 0x000000000e890000

Marking Bits: (ParMarkBitMap*) 0x0000000050aab460
 Begin Bits: [0x00000000135f0000, 0x0000000017570000)
 End Bits:   [0x0000000017570000, 0x000000001b4f0000)

Polling page: 0x0000000000930000

CodeCache: size=245760Kb used=13749Kb max_used=13997Kb free=232010Kb
 bounds [0x0000000002ae0000, 0x00000000038a0000, 0x0000000011ae0000]
 total_blobs=4655 nmethods=4160 adapters=409
 compilation: enabled

Compilation events (10 events):
Event: 6.990 Thread 0x000000001de49800 4720       4       sun.reflect.ClassFileAssembler::emitShort (24 bytes)
Event: 6.992 Thread 0x000000001de49800 nmethod 4720 0x0000000003861290 code [0x0000000003861400, 0x0000000003861678]
Event: 6.992 Thread 0x000000001de49800 4759       4       sun.reflect.DelegatingMethodAccessorImpl::invoke (10 bytes)
Event: 6.992 Thread 0x000000001de49800 nmethod 4759 0x0000000002f369d0 code [0x0000000002f36b00, 0x0000000002f36b98]
Event: 6.992 Thread 0x000000001de49800 4749       4       java.lang.reflect.Method::invoke (62 bytes)
Event: 6.993 Thread 0x000000001de49800 nmethod 4749 0x0000000003860d10 code [0x0000000003860e80, 0x0000000003861028]
Event: 6.993 Thread 0x000000001de49800 4752       4       java.nio.Buffer::hasRemaining (17 bytes)
Event: 6.994 Thread 0x000000001de49800 nmethod 4752 0x0000000002c40790 code [0x0000000002c408c0, 0x0000000002c40938]
Event: 6.994 Thread 0x000000001de49800 4719       4       sun.reflect.ClassFileAssembler::cpi (22 bytes)
Event: 6.994 Thread 0x000000001de49800 nmethod 4719 0x000000000379c510 code [0x000000000379c640, 0x000000000379c6b8]

GC Heap History (10 events):
Event: 5.018 GC heap before
{Heap before GC invocations=7 (full 1):
 PSYoungGen      total 75776K, used 75753K [0x000000076b580000, 0x0000000772e80000, 0x00000007c0000000)
  eden space 65024K, 100% used [0x000000076b580000,0x000000076f500000,0x000000076f500000)
  from space 10752K, 99% used [0x000000076f500000,0x000000076ff7a790,0x000000076ff80000)
  to   space 13312K, 0% used [0x0000000772180000,0x0000000772180000,0x0000000772e80000)
 ParOldGen       total 115200K, used 13255K [0x00000006c2000000, 0x00000006c9080000, 0x000000076b580000)
  object space 115200K, 11% used [0x00000006c2000000,0x00000006c2cf1c30,0x00000006c9080000)
 Metaspace       used 23859K, capacity 24440K, committed 24752K, reserved 1071104K
  class space    used 2775K, capacity 2932K, committed 2992K, reserved 1048576K
Event: 5.026 GC heap after
Heap after GC invocations=7 (full 1):
 PSYoungGen      total 108032K, used 13288K [0x000000076b580000, 0x0000000773f00000, 0x00000007c0000000)
  eden space 94720K, 0% used [0x000000076b580000,0x000000076b580000,0x0000000771200000)
  from space 13312K, 99% used [0x0000000772180000,0x0000000772e7a3e0,0x0000000772e80000)
  to   space 15872K, 0% used [0x0000000771200000,0x0000000771200000,0x0000000772180000)
 ParOldGen       total 115200K, used 15269K [0x00000006c2000000, 0x00000006c9080000, 0x000000076b580000)
  object space 115200K, 13% used [0x00000006c2000000,0x00000006c2ee96d0,0x00000006c9080000)
 Metaspace       used 23859K, capacity 24440K, committed 24752K, reserved 1071104K
  class space    used 2775K, capacity 2932K, committed 2992K, reserved 1048576K
}
Event: 5.237 GC heap before
{Heap before GC invocations=8 (full 1):
 PSYoungGen      total 108032K, used 108008K [0x000000076b580000, 0x0000000773f00000, 0x00000007c0000000)
  eden space 94720K, 100% used [0x000000076b580000,0x0000000771200000,0x0000000771200000)
  from space 13312K, 99% used [0x0000000772180000,0x0000000772e7a3e0,0x0000000772e80000)
  to   space 15872K, 0% used [0x0000000771200000,0x0000000771200000,0x0000000772180000)
 ParOldGen       total 115200K, used 15269K [0x00000006c2000000, 0x00000006c9080000, 0x000000076b580000)
  object space 115200K, 13% used [0x00000006c2000000,0x00000006c2ee96d0,0x00000006c9080000)
 Metaspace       used 23883K, capacity 24472K, committed 24752K, reserved 1071104K
  class space    used 2777K, capacity 2964K, committed 2992K, reserved 1048576K
Event: 5.247 GC heap after
Heap after GC invocations=8 (full 1):
 PSYoungGen      total 110592K, used 15859K [0x000000076b580000, 0x0000000777e80000, 0x00000007c0000000)
  eden space 94720K, 0% used [0x000000076b580000,0x000000076b580000,0x0000000771200000)
  from space 15872K, 99% used [0x0000000771200000,0x000000077217ce98,0x0000000772180000)
  to   space 19968K, 0% used [0x0000000776b00000,0x0000000776b00000,0x0000000777e80000)
 ParOldGen       total 115200K, used 20237K [0x00000006c2000000, 0x00000006c9080000, 0x000000076b580000)
  object space 115200K, 17% used [0x00000006c2000000,0x00000006c33c3550,0x00000006c9080000)
 Metaspace       used 23883K, capacity 24472K, committed 24752K, reserved 1071104K
  class space    used 2777K, capacity 2964K, committed 2992K, reserved 1048576K
}
Event: 5.566 GC heap before
{Heap before GC invocations=9 (full 1):
 PSYoungGen      total 110592K, used 110579K [0x000000076b580000, 0x0000000777e80000, 0x00000007c0000000)
  eden space 94720K, 100% used [0x000000076b580000,0x0000000771200000,0x0000000771200000)
  from space 15872K, 99% used [0x0000000771200000,0x000000077217ce98,0x0000000772180000)
  to   space 19968K, 0% used [0x0000000776b00000,0x0000000776b00000,0x0000000777e80000)
 ParOldGen       total 115200K, used 20237K [0x00000006c2000000, 0x00000006c9080000, 0x000000076b580000)
  object space 115200K, 17% used [0x00000006c2000000,0x00000006c33c3550,0x00000006c9080000)
 Metaspace       used 23883K, capacity 24472K, committed 24752K, reserved 1071104K
  class space    used 2777K, capacity 2964K, committed 2992K, reserved 1048576K
Event: 5.582 GC heap after
Heap after GC invocations=9 (full 1):
 PSYoungGen      total 182272K, used 19958K [0x000000076b580000, 0x0000000778900000, 0x00000007c0000000)
  eden space 162304K, 0% used [0x000000076b580000,0x000000076b580000,0x0000000775400000)
  from space 19968K, 99% used [0x0000000776b00000,0x0000000777e7d8d0,0x0000000777e80000)
  to   space 23552K, 0% used [0x0000000775400000,0x0000000775400000,0x0000000776b00000)
 ParOldGen       total 115200K, used 22950K [0x00000006c2000000, 0x00000006c9080000, 0x000000076b580000)
  object space 115200K, 19% used [0x00000006c2000000,0x00000006c3669b18,0x00000006c9080000)
 Metaspace       used 23883K, capacity 24472K, committed 24752K, reserved 1071104K
  class space    used 2777K, capacity 2964K, committed 2992K, reserved 1048576K
}
Event: 6.684 GC heap before
{Heap before GC invocations=10 (full 1):
 PSYoungGen      total 182272K, used 133285K [0x000000076b580000, 0x0000000778900000, 0x00000007c0000000)
  eden space 162304K, 69% used [0x000000076b580000,0x000000077242be58,0x0000000775400000)
  from space 19968K, 99% used [0x0000000776b00000,0x0000000777e7d8d0,0x0000000777e80000)
  to   space 23552K, 0% used [0x0000000775400000,0x0000000775400000,0x0000000776b00000)
 ParOldGen       total 115200K, used 22950K [0x00000006c2000000, 0x00000006c9080000, 0x000000076b580000)
  object space 115200K, 19% used [0x00000006c2000000,0x00000006c3669b18,0x00000006c9080000)
 Metaspace       used 34601K, capacity 35390K, committed 35496K, reserved 1081344K
  class space    used 4038K, capacity 4260K, committed 4272K, reserved 1048576K
Event: 6.697 GC heap after
Heap after GC invocations=10 (full 1):
 PSYoungGen      total 185856K, used 18449K [0x000000076b580000, 0x0000000778900000, 0x00000007c0000000)
  eden space 162304K, 0% used [0x000000076b580000,0x000000076b580000,0x0000000775400000)
  from space 23552K, 78% used [0x0000000775400000,0x00000007766044a8,0x0000000776b00000)
  to   space 19968K, 0% used [0x0000000776b00000,0x0000000776b00000,0x0000000777e80000)
 ParOldGen       total 115200K, used 25713K [0x00000006c2000000, 0x00000006c9080000, 0x000000076b580000)
  object space 115200K, 22% used [0x00000006c2000000,0x00000006c391c608,0x00000006c9080000)
 Metaspace       used 34601K, capacity 35390K, committed 35496K, reserved 1081344K
  class space    used 4038K, capacity 4260K, committed 4272K, reserved 1048576K
}
Event: 6.697 GC heap before
{Heap before GC invocations=11 (full 2):
 PSYoungGen      total 185856K, used 18449K [0x000000076b580000, 0x0000000778900000, 0x00000007c0000000)
  eden space 162304K, 0% used [0x000000076b580000,0x000000076b580000,0x0000000775400000)
  from space 23552K, 78% used [0x0000000775400000,0x00000007766044a8,0x0000000776b00000)
  to   space 19968K, 0% used [0x0000000776b00000,0x0000000776b00000,0x0000000777e80000)
 ParOldGen       total 115200K, used 25713K [0x00000006c2000000, 0x00000006c9080000, 0x000000076b580000)
  object space 115200K, 22% used [0x00000006c2000000,0x00000006c391c608,0x00000006c9080000)
 Metaspace       used 34601K, capacity 35390K, committed 35496K, reserved 1081344K
  class space    used 4038K, capacity 4260K, committed 4272K, reserved 1048576K
Event: 6.764 GC heap after
Heap after GC invocations=11 (full 2):
 PSYoungGen      total 185856K, used 0K [0x000000076b580000, 0x0000000778900000, 0x00000007c0000000)
  eden space 162304K, 0% used [0x000000076b580000,0x000000076b580000,0x0000000775400000)
  from space 23552K, 0% used [0x0000000775400000,0x0000000775400000,0x0000000776b00000)
  to   space 19968K, 0% used [0x0000000776b00000,0x0000000776b00000,0x0000000777e80000)
 ParOldGen       total 115200K, used 30586K [0x00000006c2000000, 0x00000006c9080000, 0x000000076b580000)
  object space 115200K, 26% used [0x00000006c2000000,0x00000006c3dde8f0,0x00000006c9080000)
 Metaspace       used 34570K, capacity 35334K, committed 35496K, reserved 1081344K
  class space    used 4032K, capacity 4250K, committed 4272K, reserved 1048576K
}

Deoptimization events (10 events):
Event: 6.326 Thread 0x0000000025cd3000 Uncommon trap: reason=class_check action=maybe_recompile pc=0x0000000002e95be8 method=java.util.concurrent.ConcurrentHashMap.putVal(Ljava/lang/Object;Ljava/lang/Object;Z)Ljava/lang/Object; @ 192
Event: 6.327 Thread 0x0000000025cd3000 Uncommon trap: reason=class_check action=maybe_recompile pc=0x0000000002e95be8 method=java.util.concurrent.ConcurrentHashMap.putVal(Ljava/lang/Object;Ljava/lang/Object;Z)Ljava/lang/Object; @ 192
Event: 6.524 Thread 0x0000000025cd3000 Uncommon trap: reason=class_check action=maybe_recompile pc=0x00000000032054d4 method=java.io.BufferedOutputStream.flushBuffer()V @ 20
Event: 6.530 Thread 0x0000000025cd3000 Uncommon trap: reason=class_check action=maybe_recompile pc=0x00000000032054d4 method=java.io.BufferedOutputStream.flushBuffer()V @ 20
Event: 6.556 Thread 0x0000000025cd3000 Uncommon trap: reason=class_check action=maybe_recompile pc=0x00000000032054d4 method=java.io.BufferedOutputStream.flushBuffer()V @ 20
Event: 6.557 Thread 0x0000000025cd3000 Uncommon trap: reason=class_check action=maybe_recompile pc=0x00000000032054d4 method=java.io.BufferedOutputStream.flushBuffer()V @ 20
Event: 6.576 Thread 0x000000001fa78000 Uncommon trap: reason=class_check action=maybe_recompile pc=0x0000000002e95be8 method=java.util.concurrent.ConcurrentHashMap.putVal(Ljava/lang/Object;Ljava/lang/Object;Z)Ljava/lang/Object; @ 192
Event: 6.596 Thread 0x0000000025cd3000 Uncommon trap: reason=class_check action=maybe_recompile pc=0x0000000002e95be8 method=java.util.concurrent.ConcurrentHashMap.putVal(Ljava/lang/Object;Ljava/lang/Object;Z)Ljava/lang/Object; @ 192
Event: 6.605 Thread 0x000000001fa78000 Uncommon trap: reason=unreached action=reinterpret pc=0x000000000348d4fc method=java.util.Date.normalize()Lsun/util/calendar/BaseCalendar$Date; @ 4
Event: 6.605 Thread 0x0000000025cd3000 Uncommon trap: reason=unreached action=reinterpret pc=0x000000000348d4fc method=java.util.Date.normalize()Lsun/util/calendar/BaseCalendar$Date; @ 4

Internal exceptions (10 events):
Event: 6.783 Thread 0x0000000025cd3000 Exception <a 'java/security/PrivilegedActionException'> (0x000000076b6850e8) thrown at [D:\re\workspace\8-2-build-windows-amd64-cygwin\jdk8u20\1074\hotspot\src\share\vm\prims\jvm.cpp, line 1275]
Event: 6.783 Thread 0x0000000025cd3000 Exception <a 'java/security/PrivilegedActionException'> (0x000000076b686da0) thrown at [D:\re\workspace\8-2-build-windows-amd64-cygwin\jdk8u20\1074\hotspot\src\share\vm\prims\jvm.cpp, line 1275]
Event: 6.784 Thread 0x0000000025cd3000 Exception <a 'java/security/PrivilegedActionException'> (0x000000076b688258) thrown at [D:\re\workspace\8-2-build-windows-amd64-cygwin\jdk8u20\1074\hotspot\src\share\vm\prims\jvm.cpp, line 1275]
Event: 6.784 Thread 0x0000000025cd3000 Exception <a 'java/security/PrivilegedActionException'> (0x000000076b68c220) thrown at [D:\re\workspace\8-2-build-windows-amd64-cygwin\jdk8u20\1074\hotspot\src\share\vm\prims\jvm.cpp, line 1275]
Event: 6.784 Thread 0x0000000025cd3000 Exception <a 'java/security/PrivilegedActionException'> (0x000000076b68ca78) thrown at [D:\re\workspace\8-2-build-windows-amd64-cygwin\jdk8u20\1074\hotspot\src\share\vm\prims\jvm.cpp, line 1275]
Event: 6.784 Thread 0x0000000025cd3000 Exception <a 'java/security/PrivilegedActionException'> (0x000000076b68d400) thrown at [D:\re\workspace\8-2-build-windows-amd64-cygwin\jdk8u20\1074\hotspot\src\share\vm\prims\jvm.cpp, line 1275]
Event: 6.784 Thread 0x000000001fa78000 Exception <a 'java/security/PrivilegedActionException'> (0x000000076b86d400) thrown at [D:\re\workspace\8-2-build-windows-amd64-cygwin\jdk8u20\1074\hotspot\src\share\vm\prims\jvm.cpp, line 1275]
Event: 6.784 Thread 0x000000001fa78000 Exception <a 'java/security/PrivilegedActionException'> (0x000000076b86e020) thrown at [D:\re\workspace\8-2-build-windows-amd64-cygwin\jdk8u20\1074\hotspot\src\share\vm\prims\jvm.cpp, line 1275]
Event: 6.784 Thread 0x0000000025cd3000 Exception <a 'java/security/PrivilegedActionException'> (0x000000076b68f3b8) thrown at [D:\re\workspace\8-2-build-windows-amd64-cygwin\jdk8u20\1074\hotspot\src\share\vm\prims\jvm.cpp, line 1275]
Event: 6.784 Thread 0x0000000025cd3000 Exception <a 'java/security/PrivilegedActionException'> (0x000000076b68fd88) thrown at [D:\re\workspace\8-2-build-windows-amd64-cygwin\jdk8u20\1074\hotspot\src\share\vm\prims\jvm.cpp, line 1275]

Events (10 events):
Event: 6.822 Executing VM operation: RevokeBias
Event: 6.823 Executing VM operation: RevokeBias done
Event: 6.827 Executing VM operation: RevokeBias
Event: 6.827 Executing VM operation: RevokeBias done
Event: 6.834 Executing VM operation: RevokeBias
Event: 6.834 Executing VM operation: RevokeBias done
Event: 6.855 Executing VM operation: RevokeBias
Event: 6.855 Executing VM operation: RevokeBias done
Event: 6.856 Executing VM operation: RevokeBias
Event: 6.856 Executing VM operation: RevokeBias done


Dynamic libraries:
0x00007ff6d0f80000 - 0x00007ff6d0fb4000 	C:\Program Files\Java\jdk1.8.0_20\bin\java.exe
0x00007ffc9dcd0000 - 0x00007ffc9dec5000 	C:\WINDOWS\SYSTEM32\ntdll.dll
0x00007ffc9d9d0000 - 0x00007ffc9da8e000 	C:\WINDOWS\System32\KERNEL32.DLL
0x00007ffc9b960000 - 0x00007ffc9bc28000 	C:\WINDOWS\System32\KERNELBASE.dll
0x00007ffc9d5b0000 - 0x00007ffc9d65e000 	C:\WINDOWS\System32\ADVAPI32.dll
0x00007ffc9d280000 - 0x00007ffc9d31e000 	C:\WINDOWS\System32\msvcrt.dll
0x00007ffc9bf10000 - 0x00007ffc9bfac000 	C:\WINDOWS\System32\sechost.dll
0x00007ffc9ca00000 - 0x00007ffc9cb25000 	C:\WINDOWS\System32\RPCRT4.dll
0x00007ffc9da90000 - 0x00007ffc9dc30000 	C:\WINDOWS\System32\USER32.dll
0x00007ffc9b820000 - 0x00007ffc9b842000 	C:\WINDOWS\System32\win32u.dll
0x00007ffc9c9d0000 - 0x00007ffc9c9fa000 	C:\WINDOWS\System32\GDI32.dll
0x00007ffc9b850000 - 0x00007ffc9b95b000 	C:\WINDOWS\System32\gdi32full.dll
0x00007ffc9b580000 - 0x00007ffc9b61d000 	C:\WINDOWS\System32\msvcp_win.dll
0x00007ffc9bc30000 - 0x00007ffc9bd30000 	C:\WINDOWS\System32\ucrtbase.dll
0x00007ffc9a7e0000 - 0x00007ffc9aa7a000 	C:\WINDOWS\WinSxS\amd64_microsoft.windows.common-controls_6595b64144ccf1df_6.0.19041.1110_none_60b5254171f9507e\COMCTL32.dll
0x00007ffc9bd50000 - 0x00007ffc9bd80000 	C:\WINDOWS\System32\IMM32.DLL
0x0000000050b30000 - 0x0000000050c02000 	C:\Program Files\Java\jdk1.8.0_20\jre\bin\msvcr100.dll
0x00000000502d0000 - 0x0000000050b28000 	C:\Program Files\Java\jdk1.8.0_20\jre\bin\server\jvm.dll
0x00007ffc9bd30000 - 0x00007ffc9bd38000 	C:\WINDOWS\System32\PSAPI.DLL
0x00007ffc95060000 - 0x00007ffc95069000 	C:\WINDOWS\SYSTEM32\WSOCK32.dll
0x00007ffc9c960000 - 0x00007ffc9c9cb000 	C:\WINDOWS\System32\WS2_32.dll
0x00007ffc8fb70000 - 0x00007ffc8fb97000 	C:\WINDOWS\SYSTEM32\WINMM.dll
0x00000000518e0000 - 0x00000000518ef000 	C:\Program Files\Java\jdk1.8.0_20\jre\bin\verify.dll
0x00000000518b0000 - 0x00000000518d8000 	C:\Program Files\Java\jdk1.8.0_20\jre\bin\java.dll
0x00000000501d0000 - 0x00000000501f3000 	C:\Program Files\Java\jdk1.8.0_20\jre\bin\instrument.dll
0x00000000502b0000 - 0x00000000502c6000 	C:\Program Files\Java\jdk1.8.0_20\jre\bin\zip.dll
0x00007ffc9cb30000 - 0x00007ffc9d274000 	C:\WINDOWS\System32\SHELL32.dll
0x00007ffc98d30000 - 0x00007ffc994c4000 	C:\WINDOWS\SYSTEM32\windows.storage.dll
0x00007ffc9c600000 - 0x00007ffc9c954000 	C:\WINDOWS\System32\combase.dll
0x00007ffc9a770000 - 0x00007ffc9a79c000 	C:\WINDOWS\SYSTEM32\Wldp.dll
0x00007ffc9c0e0000 - 0x00007ffc9c18d000 	C:\WINDOWS\System32\SHCORE.dll
0x00007ffc9bd80000 - 0x00007ffc9bdd5000 	C:\WINDOWS\System32\shlwapi.dll
0x00007ffc9b330000 - 0x00007ffc9b34f000 	C:\WINDOWS\SYSTEM32\profapi.dll
0x00007ffc96ba0000 - 0x00007ffc96bba000 	D:\JetBrains\IntelliJ IDEA 2021.3.1\bin\breakgen64.dll
0x0000000050290000 - 0x00000000502aa000 	C:\Program Files\Java\jdk1.8.0_20\jre\bin\net.dll
0x00007ffc9a640000 - 0x00007ffc9a6aa000 	C:\WINDOWS\system32\mswsock.dll
0x00007ffc9b180000 - 0x00007ffc9b198000 	C:\WINDOWS\SYSTEM32\CRYPTSP.dll
0x00007ffc99e70000 - 0x00007ffc99ea4000 	C:\WINDOWS\system32\rsaenh.dll
0x00007ffc9b550000 - 0x00007ffc9b577000 	C:\WINDOWS\System32\bcrypt.dll
0x00007ffc9b2b0000 - 0x00007ffc9b2de000 	C:\WINDOWS\SYSTEM32\USERENV.dll
0x00007ffc9b6e0000 - 0x00007ffc9b762000 	C:\WINDOWS\System32\bcryptprimitives.dll
0x00007ffc9a760000 - 0x00007ffc9a76c000 	C:\WINDOWS\SYSTEM32\CRYPTBASE.dll
0x00007ffc9a1c0000 - 0x00007ffc9a1fb000 	C:\WINDOWS\SYSTEM32\IPHLPAPI.DLL
0x00007ffc9bd40000 - 0x00007ffc9bd48000 	C:\WINDOWS\System32\NSI.dll
0x00007ffc92980000 - 0x00007ffc92997000 	C:\WINDOWS\SYSTEM32\dhcpcsvc6.DLL
0x00007ffc92820000 - 0x00007ffc9283d000 	C:\WINDOWS\SYSTEM32\dhcpcsvc.DLL
0x00007ffc9a200000 - 0x00007ffc9a2cb000 	C:\WINDOWS\SYSTEM32\DNSAPI.dll
0x0000000050270000 - 0x0000000050281000 	C:\Program Files\Java\jdk1.8.0_20\jre\bin\nio.dll
0x00007ffc96b80000 - 0x00007ffc96b8a000 	C:\Users\林深雾起\AppData\Local\Temp\jansi-1.17.1-7461309079550868794.dll
0x00007ffc96b50000 - 0x00007ffc96b5a000 	C:\Users\林深雾起\AppData\Local\Temp\jansi-1.17.1-2317141890867559337.dll
0x00000000501b0000 - 0x00000000501bd000 	C:\Program Files\Java\jdk1.8.0_20\jre\bin\management.dll
0x00007ffc93f60000 - 0x00007ffc93f6a000 	C:\Windows\System32\rasadhlp.dll
0x00007ffc8d790000 - 0x00007ffc8d80f000 	C:\WINDOWS\System32\fwpuclnt.dll
0x00007ffc9ae20000 - 0x00007ffc9b004000 	C:\WINDOWS\SYSTEM32\dbghelp.dll

VM Arguments:
jvm_args: -Dmaven.multiModuleProjectDirectory=F:\03_Important\Java\03_project\Emp_ms -Dmaven.home=C:\Environment\apache-maven-3.6.1 -Dclassworlds.conf=C:\Environment\apache-maven-3.6.1\bin\m2.conf -Dmaven.ext.class.path=D:\JetBrains\IntelliJ IDEA 2021.3.1\plugins\maven\lib\maven-event-listener.jar -javaagent:D:\JetBrains\IntelliJ IDEA 2021.3.1\lib\idea_rt.jar=5378:D:\JetBrains\IntelliJ IDEA 2021.3.1\bin -Dfile.encoding=UTF-8 
java_command: org.codehaus.classworlds.Launcher -Didea.version=2021.3.1 -s C:\Environment\apache-maven-3.6.1\conf\settings.xml -Dmaven.repo.local=D:\MavenLib\mvn_resp tomcat7:run
java_class_path (initial): C:\Environment\apache-maven-3.6.1\boot\plexus-classworlds-2.6.0.jar;D:\JetBrains\IntelliJ IDEA 2021.3.1\lib\idea_rt.jar
Launcher Type: SUN_STANDARD

Environment Variables:
JAVA_HOME=C:\Program Files\Java\jdk-11.0.2
CLASSPATH=.;C:\Program Files\Java\jdk-11.0.2;C:\Program Files\Java\jdk1.8.0_20;\lib\dt.jar;C:\Program Files\Java\jdk-11.0.2;C:\Program Files\Java\jdk1.8.0_20;\lib\tools.jar
USERNAME=林深雾起
OS=Windows_NT
PROCESSOR_IDENTIFIER=AMD64 Family 23 Model 96 Stepping 1, AuthenticAMD



---------------  S Y S T E M  ---------------

OS: Windows 8.1 , 64 bit Build 9600 

CPU:total 12 (12 cores per cpu, 1 threads per core) family 23 model 96 stepping 1, cmov, cx8, fxsr, mmx, sse, sse2, sse3, ssse3, sse4.1, sse4.2, popcnt, avx, avx2, aes, clmul, mmxext, 3dnowpref, lzcnt, sse4a, tsc, tscinvbit, tscinv, bmi1

Memory: 4k page, physical 16643280k(1524260k free), swap 33027280k(5624k free)

vm_info: Java HotSpot(TM) 64-Bit Server VM (25.20-b23) for windows-amd64 JRE (1.8.0_20-b26), built on Jul 30 2014 13:51:23 by "java_re" with MS VC++ 10.0 (VS2010)

time: Sun May 08 10:55:20 2022
elapsed time: 7 seconds (0d 0h 0m 7s)

